15:34:06.096 [main] INFO  testCases.TC001_AccountRegistrationTest - ********* Strarting Testing  TC_001 AccountRegistration*********************
15:34:06.234 [main] INFO  testCases.TC001_AccountRegistrationTest - ********Click on My accouunt info
15:34:07.115 [main] INFO  testCases.TC001_AccountRegistrationTest - ********Click on My Register page info
15:34:09.107 [main] INFO  testCases.TC001_AccountRegistrationTest - ********Click on My valiadated expected messgae info
15:34:09.156 [main] INFO  testCases.TC001_AccountRegistrationTest - ******** Finished TC_001 AccountRegistration
17:13:09.190 [main] INFO  org.testng.internal.Utils - [TestNG] Running:
  C:\Users\HP\eclipse-workspace\OpencartV121\master.xml

17:13:17.908 [main] INFO  testCases.TC001_AccountRegistrationTest - ********* Strarting Testing  TC_001 AccountRegistration*********************
17:13:18.087 [main] INFO  testCases.TC001_AccountRegistrationTest - ********Click on My accouunt info
17:13:18.979 [main] INFO  testCases.TC001_AccountRegistrationTest - ********Click on My Register page info
17:13:21.004 [main] INFO  testCases.TC001_AccountRegistrationTest - ********Click on My valiadated expected messgae info
17:13:21.087 [main] INFO  testCases.TC001_AccountRegistrationTest - ******** Finished TC_001 AccountRegistration
17:13:26.352 [main] INFO  testCases.TC002_LoginTest - ********************Staring TC002 Login Test*************
17:14:45.119 [main] INFO  org.testng.internal.Utils - [TestNG] Running:
  C:\Users\HP\eclipse-workspace\OpencartV121\test-output\testng-failed.xml

17:14:51.010 [main] INFO  testCases.TC002_LoginTest - ********************Staring TC002 Login Test*************
17:14:53.733 [main] INFO  testCases.TC002_LoginTest - ********************Finished  TC002 Login Test*************
17:16:31.707 [main] INFO  org.testng.internal.Utils - [TestNG] Running:
  C:\Users\HP\eclipse-workspace\OpencartV121\master.xml

17:16:37.564 [main] INFO  testCases.TC001_AccountRegistrationTest - ********* Strarting Testing  TC_001 AccountRegistration*********************
17:16:37.753 [main] INFO  testCases.TC001_AccountRegistrationTest - ********Click on My accouunt info
17:16:38.659 [main] INFO  testCases.TC001_AccountRegistrationTest - ********Click on My Register page info
17:16:41.130 [main] INFO  testCases.TC001_AccountRegistrationTest - ********Click on My valiadated expected messgae info
17:16:46.742 [main] INFO  testCases.TC002_LoginTest - ********************Staring TC002 Login Test*************
17:18:37.664 [main] INFO  org.testng.internal.Utils - [TestNG] Running:
  C:\Users\HP\eclipse-workspace\OpencartV121\test-output\testng-failed.xml

17:18:43.545 [main] INFO  testCases.TC001_AccountRegistrationTest - ********* Strarting Testing  TC_001 AccountRegistration*********************
17:18:43.709 [main] INFO  testCases.TC001_AccountRegistrationTest - ********Click on My accouunt info
17:18:44.597 [main] INFO  testCases.TC001_AccountRegistrationTest - ********Click on My Register page info
17:18:46.721 [main] INFO  testCases.TC001_AccountRegistrationTest - ********Click on My valiadated expected messgae info
17:18:46.777 [main] INFO  testCases.TC001_AccountRegistrationTest - ******** Finished TC_001 AccountRegistration
17:18:52.139 [main] INFO  testCases.TC002_LoginTest - ********************Staring TC002 Login Test*************
17:18:54.370 [main] INFO  testCases.TC002_LoginTest - ********************Finished  TC002 Login Test*************
23:51:14.838 [main] INFO  org.testng.internal.Utils - [TestNG] Running:
  C:\Users\HP\eclipse-workspace\OpencartV121\master.xml

23:51:45.512 [main] INFO  testCases.TC001_AccountRegistrationTest - ********* Strarting Testing  TC_001 AccountRegistration*********************
23:51:45.708 [main] INFO  testCases.TC001_AccountRegistrationTest - ********Click on My accouunt info
23:51:47.110 [main] INFO  testCases.TC001_AccountRegistrationTest - ********Click on My Register page info
23:51:48.999 [main] INFO  testCases.TC001_AccountRegistrationTest - ********Click on My valiadated expected messgae info
23:51:49.082 [main] INFO  testCases.TC001_AccountRegistrationTest - ******** Finished TC_001 AccountRegistration
23:51:52.453 [main] INFO  testCases.TC002_LoginTest - ********************Staring TC002 Login Test*************
23:51:54.241 [main] INFO  testCases.TC002_LoginTest - ********************Finished  TC002 Login Test*************
23:53:40.161 [main] INFO  org.testng.internal.Utils - [TestNG] Running:
  C:\Users\HP\eclipse-workspace\OpencartV121\master.xml

23:55:18.863 [main] INFO  org.testng.internal.Utils - [TestNG] Running:
  C:\Users\HP\eclipse-workspace\OpencartV121\master.xml

23:57:11.421 [main] INFO  org.testng.internal.Utils - [TestNG] Running:
  C:\Users\HP\eclipse-workspace\OpencartV121\master.xml

23:57:19.517 [main] INFO  testCases.TC001_AccountRegistrationTest - ********* Strarting Testing  TC_001 AccountRegistration*********************
23:57:19.734 [main] INFO  testCases.TC001_AccountRegistrationTest - ********Click on My accouunt info
